2018-05-20 09:20:21.805  INFO 12932 --- [restartedMain] com.zjy.cloudnote.CloudnoteApplication   : Starting CloudnoteApplication on WIN-01706051535 with PID 12932 (started by Administrator in G:\git workpace\gitRepository\ZjyRepository\cloudNoteProject)
2018-05-20 09:20:21.854  INFO 12932 --- [restartedMain] com.zjy.cloudnote.CloudnoteApplication   : The following profiles are active: dev
2018-05-20 09:20:23.268  WARN 12932 --- [restartedMain] o.m.s.mapper.ClassPathMapperScanner      : No MyBatis mapper was found in '[com.zjy.cloudnote.dao.mapper]' package. Please check your configuration.
2018-05-20 09:20:24.036  INFO 12932 --- [MLog-Init-Reporter] com.mchange.v2.log.MLog                  : MLog clients using slf4j logging.
2018-05-20 09:20:24.103  INFO 12932 --- [restartedMain] com.mchange.v2.c3p0.C3P0Registry         : Initializing c3p0-0.9.5.2 [built 08-December-2015 22:06:04 -0800; debug? true; trace: 10]
2018-05-20 09:20:25.107  INFO 12932 --- [restartedMain] o.apache.catalina.core.StandardService   : Starting service [Tomcat]
2018-05-20 09:20:25.107  INFO 12932 --- [restartedMain] org.apache.catalina.core.StandardEngine  : Starting Servlet Engine: Apache Tomcat/8.5.31
2018-05-20 09:20:25.107  INFO 12932 --- [localhost-startStop-1] o.a.catalina.core.AprLifecycleListener   : The APR based Apache Tomcat Native library which allows optimal performance in production environments was not found on the java.library.path: [G:\java\bin;C:\WINDOWS\Sun\Java\bin;C:\WINDOWS\system32;C:\WINDOWS;F:\app\zjy\product\12.1.0\dbhome_1\bin;G:\oracle\product\12.1.0\dbhome_1\bin;C:\WINDOWS\system32;C:\WINDOWS;C:\WINDOWS\System32\Wbem;C:\WINDOWS\System32\WindowsPowerShell\v1.0\;.;G:\java\bin;C:\Program Files (x86)\Microsoft SQL Server\100\Tools\Binn\;C:\Program Files (x86)\Microsoft SQL Server\100\DTS\Binn\;C:\Program Files (x86)\Microsoft SQL Server\100\Tools\Binn\VSShell\Common7\IDE\;"G:\apache-tomcat-8.5.23\lib;G:\apache-tomcat-8.5.23\bin";E:\Git\Git\cmd;C:\Program Files\MySQL\MySQL Utilities 1.6\;G:\框架包\apache-maven-3.5.2\bin;G:\python\Scripts\;G:\python\;C:\Users\Administrator\AppData\Local\Microsoft\WindowsApps;C:\Users\Administrator\AppData\Local\GitHubDesktop\bin;.]
2018-05-20 09:20:25.279  INFO 12932 --- [localhost-startStop-1] o.a.c.c.C.[Tomcat].[localhost].[/]       : Initializing Spring embedded WebApplicationContext
2018-05-20 09:20:26.685  WARN 12932 --- [restartedMain] org.thymeleaf.templatemode.TemplateMode  : [THYMELEAF][restartedMain] Template Mode 'HTML5' is deprecated. Using Template Mode 'HTML' instead.
2018-05-20 09:20:26.992  WARN 12932 --- [restartedMain] ConfigServletWebServerApplicationContext : Exception encountered during context initialization - cancelling refresh attempt: org.springframework.beans.factory.UnsatisfiedDependencyException: Error creating bean with name 'tk.mybatis.mapper.autoconfigure.MapperAutoConfiguration': Unsatisfied dependency expressed through field 'properties'; nested exception is org.springframework.boot.context.properties.ConfigurationPropertiesBindException: Error creating bean with name 'mapper-tk.mybatis.mapper.autoconfigure.MapperProperties': Could not bind properties to 'MapperProperties' : prefix=mapper, ignoreInvalidFields=false, ignoreUnknownFields=true; nested exception is org.springframework.boot.context.properties.bind.BindException: Failed to bind properties under 'mapper.mappers' to java.util.List<java.lang.Class<?>>
2018-05-20 09:20:26.998  INFO 12932 --- [restartedMain] o.apache.catalina.core.StandardService   : Stopping service [Tomcat]
2018-05-20 09:20:27.030 ERROR 12932 --- [restartedMain] o.s.b.d.LoggingFailureAnalysisReporter   : 

***************************
APPLICATION FAILED TO START
***************************

Description:

Failed to bind properties under 'mapper.mappers' to java.util.List<java.lang.Class<?>>:

    Reason: No converter found capable of converting from type [java.lang.String] to type [java.util.List<java.lang.Class<?>>]

Action:

Update your application's configuration

2018-05-20 09:20:50.489  INFO 4284 --- [restartedMain] com.zjy.cloudnote.CloudnoteApplication   : Starting CloudnoteApplication on WIN-01706051535 with PID 4284 (started by Administrator in G:\git workpace\gitRepository\ZjyRepository\cloudNoteProject)
2018-05-20 09:20:50.491  INFO 4284 --- [restartedMain] com.zjy.cloudnote.CloudnoteApplication   : The following profiles are active: dev
2018-05-20 09:20:51.803  WARN 4284 --- [restartedMain] o.m.s.mapper.ClassPathMapperScanner      : No MyBatis mapper was found in '[com.zjy.cloudnote.dao.mapper]' package. Please check your configuration.
2018-05-20 09:20:52.279  INFO 4284 --- [MLog-Init-Reporter] com.mchange.v2.log.MLog                  : MLog clients using slf4j logging.
2018-05-20 09:20:52.310  INFO 4284 --- [restartedMain] com.mchange.v2.c3p0.C3P0Registry         : Initializing c3p0-0.9.5.2 [built 08-December-2015 22:06:04 -0800; debug? true; trace: 10]
2018-05-20 09:20:52.779  INFO 4284 --- [restartedMain] o.apache.catalina.core.StandardService   : Starting service [Tomcat]
2018-05-20 09:20:52.779  INFO 4284 --- [restartedMain] org.apache.catalina.core.StandardEngine  : Starting Servlet Engine: Apache Tomcat/8.5.31
2018-05-20 09:20:52.779  INFO 4284 --- [localhost-startStop-1] o.a.catalina.core.AprLifecycleListener   : The APR based Apache Tomcat Native library which allows optimal performance in production environments was not found on the java.library.path: [G:\java\bin;C:\WINDOWS\Sun\Java\bin;C:\WINDOWS\system32;C:\WINDOWS;F:\app\zjy\product\12.1.0\dbhome_1\bin;G:\oracle\product\12.1.0\dbhome_1\bin;C:\WINDOWS\system32;C:\WINDOWS;C:\WINDOWS\System32\Wbem;C:\WINDOWS\System32\WindowsPowerShell\v1.0\;.;G:\java\bin;C:\Program Files (x86)\Microsoft SQL Server\100\Tools\Binn\;C:\Program Files (x86)\Microsoft SQL Server\100\DTS\Binn\;C:\Program Files (x86)\Microsoft SQL Server\100\Tools\Binn\VSShell\Common7\IDE\;"G:\apache-tomcat-8.5.23\lib;G:\apache-tomcat-8.5.23\bin";E:\Git\Git\cmd;C:\Program Files\MySQL\MySQL Utilities 1.6\;G:\框架包\apache-maven-3.5.2\bin;G:\python\Scripts\;G:\python\;C:\Users\Administrator\AppData\Local\Microsoft\WindowsApps;C:\Users\Administrator\AppData\Local\GitHubDesktop\bin;.]
2018-05-20 09:20:52.879  INFO 4284 --- [localhost-startStop-1] o.a.c.c.C.[Tomcat].[localhost].[/]       : Initializing Spring embedded WebApplicationContext
2018-05-20 09:20:53.832  WARN 4284 --- [restartedMain] org.thymeleaf.templatemode.TemplateMode  : [THYMELEAF][restartedMain] Template Mode 'HTML5' is deprecated. Using Template Mode 'HTML' instead.
2018-05-20 09:20:54.281  WARN 4284 --- [restartedMain] ConfigServletWebServerApplicationContext : Exception encountered during context initialization - cancelling refresh attempt: org.springframework.beans.factory.UnsatisfiedDependencyException: Error creating bean with name 'tk.mybatis.mapper.autoconfigure.MapperAutoConfiguration': Unsatisfied dependency expressed through field 'properties'; nested exception is org.springframework.boot.context.properties.ConfigurationPropertiesBindException: Error creating bean with name 'mapper-tk.mybatis.mapper.autoconfigure.MapperProperties': Could not bind properties to 'MapperProperties' : prefix=mapper, ignoreInvalidFields=false, ignoreUnknownFields=true; nested exception is org.springframework.boot.context.properties.bind.BindException: Failed to bind properties under 'mapper.mappers' to java.util.List<java.lang.Class<?>>
2018-05-20 09:20:54.281  INFO 4284 --- [restartedMain] o.apache.catalina.core.StandardService   : Stopping service [Tomcat]
2018-05-20 09:20:54.312 ERROR 4284 --- [restartedMain] o.s.b.d.LoggingFailureAnalysisReporter   : 

***************************
APPLICATION FAILED TO START
***************************

Description:

Failed to bind properties under 'mapper.mappers' to java.util.List<java.lang.Class<?>>:

    Reason: No converter found capable of converting from type [java.lang.String] to type [java.util.List<java.lang.Class<?>>]

Action:

Update your application's configuration

2018-05-20 09:25:28.983  INFO 11336 --- [restartedMain] com.zjy.cloudnote.CloudnoteApplication   : Starting CloudnoteApplication on WIN-01706051535 with PID 11336 (started by Administrator in G:\git workpace\gitRepository\ZjyRepository\cloudNoteProject)
2018-05-20 09:25:28.985  INFO 11336 --- [restartedMain] com.zjy.cloudnote.CloudnoteApplication   : The following profiles are active: dev
2018-05-20 09:25:30.578  WARN 11336 --- [restartedMain] o.m.s.mapper.ClassPathMapperScanner      : No MyBatis mapper was found in '[com.zjy.cloudnote.dao.mapper]' package. Please check your configuration.
2018-05-20 09:25:31.126  INFO 11336 --- [MLog-Init-Reporter] com.mchange.v2.log.MLog                  : MLog clients using slf4j logging.
2018-05-20 09:25:31.158  INFO 11336 --- [restartedMain] com.mchange.v2.c3p0.C3P0Registry         : Initializing c3p0-0.9.5.2 [built 08-December-2015 22:06:04 -0800; debug? true; trace: 10]
2018-05-20 09:25:31.611  INFO 11336 --- [restartedMain] o.apache.catalina.core.StandardService   : Starting service [Tomcat]
2018-05-20 09:25:31.611  INFO 11336 --- [restartedMain] org.apache.catalina.core.StandardEngine  : Starting Servlet Engine: Apache Tomcat/8.5.31
2018-05-20 09:25:31.629  INFO 11336 --- [localhost-startStop-1] o.a.catalina.core.AprLifecycleListener   : The APR based Apache Tomcat Native library which allows optimal performance in production environments was not found on the java.library.path: [G:\java\bin;C:\WINDOWS\Sun\Java\bin;C:\WINDOWS\system32;C:\WINDOWS;F:\app\zjy\product\12.1.0\dbhome_1\bin;G:\oracle\product\12.1.0\dbhome_1\bin;C:\WINDOWS\system32;C:\WINDOWS;C:\WINDOWS\System32\Wbem;C:\WINDOWS\System32\WindowsPowerShell\v1.0\;.;G:\java\bin;C:\Program Files (x86)\Microsoft SQL Server\100\Tools\Binn\;C:\Program Files (x86)\Microsoft SQL Server\100\DTS\Binn\;C:\Program Files (x86)\Microsoft SQL Server\100\Tools\Binn\VSShell\Common7\IDE\;"G:\apache-tomcat-8.5.23\lib;G:\apache-tomcat-8.5.23\bin";E:\Git\Git\cmd;C:\Program Files\MySQL\MySQL Utilities 1.6\;G:\框架包\apache-maven-3.5.2\bin;G:\python\Scripts\;G:\python\;C:\Users\Administrator\AppData\Local\Microsoft\WindowsApps;C:\Users\Administrator\AppData\Local\GitHubDesktop\bin;.]
2018-05-20 09:25:31.874  INFO 11336 --- [localhost-startStop-1] o.a.c.c.C.[Tomcat].[localhost].[/]       : Initializing Spring embedded WebApplicationContext
2018-05-20 09:25:33.251  WARN 11336 --- [restartedMain] org.thymeleaf.templatemode.TemplateMode  : [THYMELEAF][restartedMain] Template Mode 'HTML5' is deprecated. Using Template Mode 'HTML' instead.
2018-05-20 09:25:33.519  WARN 11336 --- [restartedMain] ConfigServletWebServerApplicationContext : Exception encountered during context initialization - cancelling refresh attempt: org.springframework.beans.factory.UnsatisfiedDependencyException: Error creating bean with name 'tk.mybatis.mapper.autoconfigure.MapperAutoConfiguration': Unsatisfied dependency expressed through field 'properties'; nested exception is org.springframework.boot.context.properties.ConfigurationPropertiesBindException: Error creating bean with name 'mapper-tk.mybatis.mapper.autoconfigure.MapperProperties': Could not bind properties to 'MapperProperties' : prefix=mapper, ignoreInvalidFields=false, ignoreUnknownFields=true; nested exception is org.springframework.boot.context.properties.bind.BindException: Failed to bind properties under 'mapper.mappers' to java.util.List<java.lang.Class<?>>
2018-05-20 09:25:33.522  INFO 11336 --- [restartedMain] o.apache.catalina.core.StandardService   : Stopping service [Tomcat]
2018-05-20 09:25:33.541 ERROR 11336 --- [restartedMain] o.s.b.d.LoggingFailureAnalysisReporter   : 

***************************
APPLICATION FAILED TO START
***************************

Description:

Failed to bind properties under 'mapper.mappers' to java.util.List<java.lang.Class<?>>:

    Reason: No converter found capable of converting from type [java.lang.String] to type [java.util.List<java.lang.Class<?>>]

Action:

Update your application's configuration

2018-05-20 09:27:10.371  INFO 7488 --- [restartedMain] com.zjy.cloudnote.CloudnoteApplication   : Starting CloudnoteApplication on WIN-01706051535 with PID 7488 (started by Administrator in G:\git workpace\gitRepository\ZjyRepository\cloudNoteProject)
2018-05-20 09:27:10.373  INFO 7488 --- [restartedMain] com.zjy.cloudnote.CloudnoteApplication   : The following profiles are active: dev
2018-05-20 09:27:12.746  INFO 7488 --- [MLog-Init-Reporter] com.mchange.v2.log.MLog                  : MLog clients using slf4j logging.
2018-05-20 09:27:12.802  INFO 7488 --- [restartedMain] com.mchange.v2.c3p0.C3P0Registry         : Initializing c3p0-0.9.5.2 [built 08-December-2015 22:06:04 -0800; debug? true; trace: 10]
2018-05-20 09:27:13.320  INFO 7488 --- [restartedMain] o.apache.catalina.core.StandardService   : Starting service [Tomcat]
2018-05-20 09:27:13.320  INFO 7488 --- [restartedMain] org.apache.catalina.core.StandardEngine  : Starting Servlet Engine: Apache Tomcat/8.5.31
2018-05-20 09:27:13.320  INFO 7488 --- [localhost-startStop-1] o.a.catalina.core.AprLifecycleListener   : The APR based Apache Tomcat Native library which allows optimal performance in production environments was not found on the java.library.path: [G:\java\bin;C:\WINDOWS\Sun\Java\bin;C:\WINDOWS\system32;C:\WINDOWS;F:\app\zjy\product\12.1.0\dbhome_1\bin;G:\oracle\product\12.1.0\dbhome_1\bin;C:\WINDOWS\system32;C:\WINDOWS;C:\WINDOWS\System32\Wbem;C:\WINDOWS\System32\WindowsPowerShell\v1.0\;.;G:\java\bin;C:\Program Files (x86)\Microsoft SQL Server\100\Tools\Binn\;C:\Program Files (x86)\Microsoft SQL Server\100\DTS\Binn\;C:\Program Files (x86)\Microsoft SQL Server\100\Tools\Binn\VSShell\Common7\IDE\;"G:\apache-tomcat-8.5.23\lib;G:\apache-tomcat-8.5.23\bin";E:\Git\Git\cmd;C:\Program Files\MySQL\MySQL Utilities 1.6\;G:\框架包\apache-maven-3.5.2\bin;G:\python\Scripts\;G:\python\;C:\Users\Administrator\AppData\Local\Microsoft\WindowsApps;C:\Users\Administrator\AppData\Local\GitHubDesktop\bin;.]
2018-05-20 09:27:13.435  INFO 7488 --- [localhost-startStop-1] o.a.c.c.C.[Tomcat].[localhost].[/]       : Initializing Spring embedded WebApplicationContext
2018-05-20 09:27:14.421  WARN 7488 --- [restartedMain] org.thymeleaf.templatemode.TemplateMode  : [THYMELEAF][restartedMain] Template Mode 'HTML5' is deprecated. Using Template Mode 'HTML' instead.
2018-05-20 09:27:14.803  WARN 7488 --- [restartedMain] ConfigServletWebServerApplicationContext : Exception encountered during context initialization - cancelling refresh attempt: org.springframework.beans.factory.UnsatisfiedDependencyException: Error creating bean with name 'tk.mybatis.mapper.autoconfigure.MapperAutoConfiguration': Unsatisfied dependency expressed through field 'properties'; nested exception is org.springframework.boot.context.properties.ConfigurationPropertiesBindException: Error creating bean with name 'mapper-tk.mybatis.mapper.autoconfigure.MapperProperties': Could not bind properties to 'MapperProperties' : prefix=mapper, ignoreInvalidFields=false, ignoreUnknownFields=true; nested exception is org.springframework.boot.context.properties.bind.BindException: Failed to bind properties under 'mapper.mappers' to java.util.List<java.lang.Class<?>>
2018-05-20 09:27:14.803  INFO 7488 --- [restartedMain] o.apache.catalina.core.StandardService   : Stopping service [Tomcat]
2018-05-20 09:27:14.841 ERROR 7488 --- [restartedMain] o.s.b.d.LoggingFailureAnalysisReporter   : 

***************************
APPLICATION FAILED TO START
***************************

Description:

Failed to bind properties under 'mapper.mappers' to java.util.List<java.lang.Class<?>>:

    Reason: No converter found capable of converting from type [java.lang.String] to type [java.util.List<java.lang.Class<?>>]

Action:

Update your application's configuration

2018-05-20 09:29:24.467  INFO 8616 --- [restartedMain] com.zjy.cloudnote.CloudnoteApplication   : Starting CloudnoteApplication on WIN-01706051535 with PID 8616 (started by Administrator in G:\git workpace\gitRepository\ZjyRepository\cloudNoteProject)
2018-05-20 09:29:24.469  INFO 8616 --- [restartedMain] com.zjy.cloudnote.CloudnoteApplication   : The following profiles are active: dev
2018-05-20 09:29:26.287  INFO 8616 --- [MLog-Init-Reporter] com.mchange.v2.log.MLog                  : MLog clients using slf4j logging.
2018-05-20 09:29:26.311  INFO 8616 --- [restartedMain] com.mchange.v2.c3p0.C3P0Registry         : Initializing c3p0-0.9.5.2 [built 08-December-2015 22:06:04 -0800; debug? true; trace: 10]
2018-05-20 09:29:27.043  INFO 8616 --- [restartedMain] o.apache.catalina.core.StandardService   : Starting service [Tomcat]
2018-05-20 09:29:27.044  INFO 8616 --- [restartedMain] org.apache.catalina.core.StandardEngine  : Starting Servlet Engine: Apache Tomcat/8.5.31
2018-05-20 09:29:27.051  INFO 8616 --- [localhost-startStop-1] o.a.catalina.core.AprLifecycleListener   : The APR based Apache Tomcat Native library which allows optimal performance in production environments was not found on the java.library.path: [G:\java\bin;C:\WINDOWS\Sun\Java\bin;C:\WINDOWS\system32;C:\WINDOWS;F:\app\zjy\product\12.1.0\dbhome_1\bin;G:\oracle\product\12.1.0\dbhome_1\bin;C:\WINDOWS\system32;C:\WINDOWS;C:\WINDOWS\System32\Wbem;C:\WINDOWS\System32\WindowsPowerShell\v1.0\;.;G:\java\bin;C:\Program Files (x86)\Microsoft SQL Server\100\Tools\Binn\;C:\Program Files (x86)\Microsoft SQL Server\100\DTS\Binn\;C:\Program Files (x86)\Microsoft SQL Server\100\Tools\Binn\VSShell\Common7\IDE\;"G:\apache-tomcat-8.5.23\lib;G:\apache-tomcat-8.5.23\bin";E:\Git\Git\cmd;C:\Program Files\MySQL\MySQL Utilities 1.6\;G:\框架包\apache-maven-3.5.2\bin;G:\python\Scripts\;G:\python\;C:\Users\Administrator\AppData\Local\Microsoft\WindowsApps;C:\Users\Administrator\AppData\Local\GitHubDesktop\bin;.]
2018-05-20 09:29:27.236  INFO 8616 --- [localhost-startStop-1] o.a.c.c.C.[Tomcat].[localhost].[/]       : Initializing Spring embedded WebApplicationContext
2018-05-20 09:29:28.325  WARN 8616 --- [restartedMain] org.thymeleaf.templatemode.TemplateMode  : [THYMELEAF][restartedMain] Template Mode 'HTML5' is deprecated. Using Template Mode 'HTML' instead.
2018-05-20 09:29:28.615  WARN 8616 --- [restartedMain] ConfigServletWebServerApplicationContext : Exception encountered during context initialization - cancelling refresh attempt: org.springframework.beans.factory.UnsatisfiedDependencyException: Error creating bean with name 'tk.mybatis.mapper.autoconfigure.MapperAutoConfiguration': Unsatisfied dependency expressed through field 'properties'; nested exception is org.springframework.boot.context.properties.ConfigurationPropertiesBindException: Error creating bean with name 'mapper-tk.mybatis.mapper.autoconfigure.MapperProperties': Could not bind properties to 'MapperProperties' : prefix=mapper, ignoreInvalidFields=false, ignoreUnknownFields=true; nested exception is org.springframework.boot.context.properties.bind.BindException: Failed to bind properties under 'mapper.mappers' to java.util.List<java.lang.Class<?>>
2018-05-20 09:29:28.620  INFO 8616 --- [restartedMain] o.apache.catalina.core.StandardService   : Stopping service [Tomcat]
2018-05-20 09:29:28.636 ERROR 8616 --- [restartedMain] o.s.b.d.LoggingFailureAnalysisReporter   : 

***************************
APPLICATION FAILED TO START
***************************

Description:

Failed to bind properties under 'mapper.mappers' to java.util.List<java.lang.Class<?>>:

    Reason: No converter found capable of converting from type [java.lang.String] to type [java.util.List<java.lang.Class<?>>]

Action:

Update your application's configuration

2018-05-20 09:33:15.401  INFO 13528 --- [restartedMain] com.zjy.cloudnote.CloudnoteApplication   : Starting CloudnoteApplication on WIN-01706051535 with PID 13528 (started by Administrator in G:\git workpace\gitRepository\ZjyRepository\cloudNoteProject)
2018-05-20 09:33:15.402  INFO 13528 --- [restartedMain] com.zjy.cloudnote.CloudnoteApplication   : The following profiles are active: dev
2018-05-20 09:33:17.869  INFO 13528 --- [MLog-Init-Reporter] com.mchange.v2.log.MLog                  : MLog clients using slf4j logging.
2018-05-20 09:33:17.896  INFO 13528 --- [restartedMain] com.mchange.v2.c3p0.C3P0Registry         : Initializing c3p0-0.9.5.2 [built 08-December-2015 22:06:04 -0800; debug? true; trace: 10]
2018-05-20 09:33:18.390  INFO 13528 --- [restartedMain] o.apache.catalina.core.StandardService   : Starting service [Tomcat]
2018-05-20 09:33:18.390  INFO 13528 --- [restartedMain] org.apache.catalina.core.StandardEngine  : Starting Servlet Engine: Apache Tomcat/8.5.31
2018-05-20 09:33:18.393  INFO 13528 --- [localhost-startStop-1] o.a.catalina.core.AprLifecycleListener   : The APR based Apache Tomcat Native library which allows optimal performance in production environments was not found on the java.library.path: [G:\java\bin;C:\WINDOWS\Sun\Java\bin;C:\WINDOWS\system32;C:\WINDOWS;F:\app\zjy\product\12.1.0\dbhome_1\bin;G:\oracle\product\12.1.0\dbhome_1\bin;C:\WINDOWS\system32;C:\WINDOWS;C:\WINDOWS\System32\Wbem;C:\WINDOWS\System32\WindowsPowerShell\v1.0\;.;G:\java\bin;C:\Program Files (x86)\Microsoft SQL Server\100\Tools\Binn\;C:\Program Files (x86)\Microsoft SQL Server\100\DTS\Binn\;C:\Program Files (x86)\Microsoft SQL Server\100\Tools\Binn\VSShell\Common7\IDE\;"G:\apache-tomcat-8.5.23\lib;G:\apache-tomcat-8.5.23\bin";E:\Git\Git\cmd;C:\Program Files\MySQL\MySQL Utilities 1.6\;G:\框架包\apache-maven-3.5.2\bin;G:\python\Scripts\;G:\python\;C:\Users\Administrator\AppData\Local\Microsoft\WindowsApps;C:\Users\Administrator\AppData\Local\GitHubDesktop\bin;.]
2018-05-20 09:33:18.512  INFO 13528 --- [localhost-startStop-1] o.a.c.c.C.[Tomcat].[localhost].[/]       : Initializing Spring embedded WebApplicationContext
2018-05-20 09:33:19.171  WARN 13528 --- [restartedMain] ConfigServletWebServerApplicationContext : Exception encountered during context initialization - cancelling refresh attempt: org.springframework.beans.factory.UnsatisfiedDependencyException: Error creating bean with name 'groupController': Unsatisfied dependency expressed through field 'cnGroupMapper'; nested exception is org.springframework.beans.factory.UnsatisfiedDependencyException: Error creating bean with name 'cnGroupMapper' defined in file [G:\git workpace\gitRepository\ZjyRepository\cloudNoteProject\Dao\target\classes\com\zjy\cloudnote\dao\CnGroupMapper.class]: Unsatisfied dependency expressed through bean property 'sqlSessionFactory'; nested exception is org.springframework.beans.factory.BeanCreationException: Error creating bean with name 'sqlSessionFactory' defined in class path resource [com/zjy/cloudnote/config/dao/SessionFactoryConfiguration.class]: Invocation of init method failed; nested exception is org.springframework.core.NestedIOException: Failed to parse mapping resource: 'file [G:\git workpace\gitRepository\ZjyRepository\cloudNoteProject\Dao\target\classes\mapper\GroupDao.xml]'; nested exception is org.apache.ibatis.builder.BuilderException: Error creating document instance.  Cause: org.xml.sax.SAXParseException; lineNumber: 12; columnNumber: 17; 文件提前结束。
2018-05-20 09:33:19.180  INFO 13528 --- [restartedMain] o.apache.catalina.core.StandardService   : Stopping service [Tomcat]
2018-05-20 09:33:19.242 ERROR 13528 --- [restartedMain] o.s.boot.SpringApplication               : Application run failed

org.springframework.beans.factory.UnsatisfiedDependencyException: Error creating bean with name 'groupController': Unsatisfied dependency expressed through field 'cnGroupMapper'; nested exception is org.springframework.beans.factory.UnsatisfiedDependencyException: Error creating bean with name 'cnGroupMapper' defined in file [G:\git workpace\gitRepository\ZjyRepository\cloudNoteProject\Dao\target\classes\com\zjy\cloudnote\dao\CnGroupMapper.class]: Unsatisfied dependency expressed through bean property 'sqlSessionFactory'; nested exception is org.springframework.beans.factory.BeanCreationException: Error creating bean with name 'sqlSessionFactory' defined in class path resource [com/zjy/cloudnote/config/dao/SessionFactoryConfiguration.class]: Invocation of init method failed; nested exception is org.springframework.core.NestedIOException: Failed to parse mapping resource: 'file [G:\git workpace\gitRepository\ZjyRepository\cloudNoteProject\Dao\target\classes\mapper\GroupDao.xml]'; nested exception is org.apache.ibatis.builder.BuilderException: Error creating document instance.  Cause: org.xml.sax.SAXParseException; lineNumber: 12; columnNumber: 17; 文件提前结束。
	at org.springframework.beans.factory.annotation.AutowiredAnnotationBeanPostProcessor$AutowiredFieldElement.inject(AutowiredAnnotationBeanPostProcessor.java:587) ~[spring-beans-5.0.6.RELEASE.jar:5.0.6.RELEASE]
	at org.springframework.beans.factory.annotation.InjectionMetadata.inject(InjectionMetadata.java:91) ~[spring-beans-5.0.6.RELEASE.jar:5.0.6.RELEASE]
	at org.springframework.beans.factory.annotation.AutowiredAnnotationBeanPostProcessor.postProcessPropertyValues(AutowiredAnnotationBeanPostProcessor.java:373) ~[spring-beans-5.0.6.RELEASE.jar:5.0.6.RELEASE]
	at org.springframework.beans.factory.support.AbstractAutowireCapableBeanFactory.populateBean(AbstractAutowireCapableBeanFactory.java:1348) ~[spring-beans-5.0.6.RELEASE.jar:5.0.6.RELEASE]
	at org.springframework.beans.factory.support.AbstractAutowireCapableBeanFactory.doCreateBean(AbstractAutowireCapableBeanFactory.java:578) ~[spring-beans-5.0.6.RELEASE.jar:5.0.6.RELEASE]
	at org.springframework.beans.factory.support.AbstractAutowireCapableBeanFactory.createBean(AbstractAutowireCapableBeanFactory.java:501) ~[spring-beans-5.0.6.RELEASE.jar:5.0.6.RELEASE]
	at org.springframework.beans.factory.support.AbstractBeanFactory.lambda$doGetBean$0(AbstractBeanFactory.java:317) ~[spring-beans-5.0.6.RELEASE.jar:5.0.6.RELEASE]
	at org.springframework.beans.factory.support.DefaultSingletonBeanRegistry.getSingleton(DefaultSingletonBeanRegistry.java:228) ~[spring-beans-5.0.6.RELEASE.jar:5.0.6.RELEASE]
	at org.springframework.beans.factory.support.AbstractBeanFactory.doGetBean(AbstractBeanFactory.java:315) ~[spring-beans-5.0.6.RELEASE.jar:5.0.6.RELEASE]
	at org.springframework.beans.factory.support.AbstractBeanFactory.getBean(AbstractBeanFactory.java:199) ~[spring-beans-5.0.6.RELEASE.jar:5.0.6.RELEASE]
	at org.springframework.beans.factory.support.DefaultListableBeanFactory.preInstantiateSingletons(DefaultListableBeanFactory.java:760) ~[spring-beans-5.0.6.RELEASE.jar:5.0.6.RELEASE]
	at org.springframework.context.support.AbstractApplicationContext.finishBeanFactoryInitialization(AbstractApplicationContext.java:869) ~[spring-context-5.0.6.RELEASE.jar:5.0.6.RELEASE]
	at org.springframework.context.support.AbstractApplicationContext.refresh(AbstractApplicationContext.java:550) ~[spring-context-5.0.6.RELEASE.jar:5.0.6.RELEASE]
	at org.springframework.boot.web.servlet.context.ServletWebServerApplicationContext.refresh(ServletWebServerApplicationContext.java:140) ~[spring-boot-2.0.2.RELEASE.jar:2.0.2.RELEASE]
	at org.springframework.boot.SpringApplication.refresh(SpringApplication.java:759) [spring-boot-2.0.2.RELEASE.jar:2.0.2.RELEASE]
	at org.springframework.boot.SpringApplication.refreshContext(SpringApplication.java:395) [spring-boot-2.0.2.RELEASE.jar:2.0.2.RELEASE]
	at org.springframework.boot.SpringApplication.run(SpringApplication.java:327) [spring-boot-2.0.2.RELEASE.jar:2.0.2.RELEASE]
	at org.springframework.boot.SpringApplication.run(SpringApplication.java:1255) [spring-boot-2.0.2.RELEASE.jar:2.0.2.RELEASE]
	at org.springframework.boot.SpringApplication.run(SpringApplication.java:1243) [spring-boot-2.0.2.RELEASE.jar:2.0.2.RELEASE]
	at com.zjy.cloudnote.CloudnoteApplication.main(CloudnoteApplication.java:11) [classes/:na]
	at sun.reflect.NativeMethodAccessorImpl.invoke0(Native Method) ~[na:1.8.0_111]
	at sun.reflect.NativeMethodAccessorImpl.invoke(NativeMethodAccessorImpl.java:62) ~[na:1.8.0_111]
	at sun.reflect.DelegatingMethodAccessorImpl.invoke(DelegatingMethodAccessorImpl.java:43) ~[na:1.8.0_111]
	at java.lang.reflect.Method.invoke(Method.java:498) ~[na:1.8.0_111]
	at org.springframework.boot.devtools.restart.RestartLauncher.run(RestartLauncher.java:49) [spring-boot-devtools-2.0.2.RELEASE.jar:2.0.2.RELEASE]
Caused by: org.springframework.beans.factory.UnsatisfiedDependencyException: Error creating bean with name 'cnGroupMapper' defined in file [G:\git workpace\gitRepository\ZjyRepository\cloudNoteProject\Dao\target\classes\com\zjy\cloudnote\dao\CnGroupMapper.class]: Unsatisfied dependency expressed through bean property 'sqlSessionFactory'; nested exception is org.springframework.beans.factory.BeanCreationException: Error creating bean with name 'sqlSessionFactory' defined in class path resource [com/zjy/cloudnote/config/dao/SessionFactoryConfiguration.class]: Invocation of init method failed; nested exception is org.springframework.core.NestedIOException: Failed to parse mapping resource: 'file [G:\git workpace\gitRepository\ZjyRepository\cloudNoteProject\Dao\target\classes\mapper\GroupDao.xml]'; nested exception is org.apache.ibatis.builder.BuilderException: Error creating document instance.  Cause: org.xml.sax.SAXParseException; lineNumber: 12; columnNumber: 17; 文件提前结束。
	at org.springframework.beans.factory.support.AbstractAutowireCapableBeanFactory.autowireByType(AbstractAutowireCapableBeanFactory.java:1443) ~[spring-beans-5.0.6.RELEASE.jar:5.0.6.RELEASE]
	at org.springframework.beans.factory.support.AbstractAutowireCapableBeanFactory.populateBean(AbstractAutowireCapableBeanFactory.java:1330) ~[spring-beans-5.0.6.RELEASE.jar:5.0.6.RELEASE]
	at org.springframework.beans.factory.support.AbstractAutowireCapableBeanFactory.doCreateBean(AbstractAutowireCapableBeanFactory.java:578) ~[spring-beans-5.0.6.RELEASE.jar:5.0.6.RELEASE]
	at org.springframework.beans.factory.support.AbstractAutowireCapableBeanFactory.createBean(AbstractAutowireCapableBeanFactory.java:501) ~[spring-beans-5.0.6.RELEASE.jar:5.0.6.RELEASE]
	at org.springframework.beans.factory.support.AbstractBeanFactory.lambda$doGetBean$0(AbstractBeanFactory.java:317) ~[spring-beans-5.0.6.RELEASE.jar:5.0.6.RELEASE]
	at org.springframework.beans.factory.support.DefaultSingletonBeanRegistry.getSingleton(DefaultSingletonBeanRegistry.java:228) ~[spring-beans-5.0.6.RELEASE.jar:5.0.6.RELEASE]
	at org.springframework.beans.factory.support.AbstractBeanFactory.doGetBean(AbstractBeanFactory.java:315) ~[spring-beans-5.0.6.RELEASE.jar:5.0.6.RELEASE]
	at org.springframework.beans.factory.support.AbstractBeanFactory.getBean(AbstractBeanFactory.java:199) ~[spring-beans-5.0.6.RELEASE.jar:5.0.6.RELEASE]
	at org.springframework.beans.factory.config.DependencyDescriptor.resolveCandidate(DependencyDescriptor.java:251) ~[spring-beans-5.0.6.RELEASE.jar:5.0.6.RELEASE]
	at org.springframework.beans.factory.support.DefaultListableBeanFactory.doResolveDependency(DefaultListableBeanFactory.java:1138) ~[spring-beans-5.0.6.RELEASE.jar:5.0.6.RELEASE]
	at org.springframework.beans.factory.support.DefaultListableBeanFactory.resolveDependency(DefaultListableBeanFactory.java:1065) ~[spring-beans-5.0.6.RELEASE.jar:5.0.6.RELEASE]
	at org.springframework.beans.factory.annotation.AutowiredAnnotationBeanPostProcessor$AutowiredFieldElement.inject(AutowiredAnnotationBeanPostProcessor.java:584) ~[spring-beans-5.0.6.RELEASE.jar:5.0.6.RELEASE]
	... 24 common frames omitted
Caused by: org.springframework.beans.factory.BeanCreationException: Error creating bean with name 'sqlSessionFactory' defined in class path resource [com/zjy/cloudnote/config/dao/SessionFactoryConfiguration.class]: Invocation of init method failed; nested exception is org.springframework.core.NestedIOException: Failed to parse mapping resource: 'file [G:\git workpace\gitRepository\ZjyRepository\cloudNoteProject\Dao\target\classes\mapper\GroupDao.xml]'; nested exception is org.apache.ibatis.builder.BuilderException: Error creating document instance.  Cause: org.xml.sax.SAXParseException; lineNumber: 12; columnNumber: 17; 文件提前结束。
	at org.springframework.beans.factory.support.AbstractAutowireCapableBeanFactory.initializeBean(AbstractAutowireCapableBeanFactory.java:1706) ~[spring-beans-5.0.6.RELEASE.jar:5.0.6.RELEASE]
	at org.springframework.beans.factory.support.AbstractAutowireCapableBeanFactory.doCreateBean(AbstractAutowireCapableBeanFactory.java:579) ~[spring-beans-5.0.6.RELEASE.jar:5.0.6.RELEASE]
	at org.springframework.beans.factory.support.AbstractAutowireCapableBeanFactory.createBean(AbstractAutowireCapableBeanFactory.java:501) ~[spring-beans-5.0.6.RELEASE.jar:5.0.6.RELEASE]
	at org.springframework.beans.factory.support.AbstractBeanFactory.lambda$doGetBean$0(AbstractBeanFactory.java:317) ~[spring-beans-5.0.6.RELEASE.jar:5.0.6.RELEASE]
	at org.springframework.beans.factory.support.DefaultSingletonBeanRegistry.getSingleton(DefaultSingletonBeanRegistry.java:228) ~[spring-beans-5.0.6.RELEASE.jar:5.0.6.RELEASE]
	at org.springframework.beans.factory.support.AbstractBeanFactory.doGetBean(AbstractBeanFactory.java:315) ~[spring-beans-5.0.6.RELEASE.jar:5.0.6.RELEASE]
	at org.springframework.beans.factory.support.AbstractBeanFactory.getBean(AbstractBeanFactory.java:199) ~[spring-beans-5.0.6.RELEASE.jar:5.0.6.RELEASE]
	at org.springframework.beans.factory.config.DependencyDescriptor.resolveCandidate(DependencyDescriptor.java:251) ~[spring-beans-5.0.6.RELEASE.jar:5.0.6.RELEASE]
	at org.springframework.beans.factory.support.DefaultListableBeanFactory.doResolveDependency(DefaultListableBeanFactory.java:1138) ~[spring-beans-5.0.6.RELEASE.jar:5.0.6.RELEASE]
	at org.springframework.beans.factory.support.DefaultListableBeanFactory.resolveDependency(DefaultListableBeanFactory.java:1065) ~[spring-beans-5.0.6.RELEASE.jar:5.0.6.RELEASE]
	at org.springframework.beans.factory.support.AbstractAutowireCapableBeanFactory.autowireByType(AbstractAutowireCapableBeanFactory.java:1428) ~[spring-beans-5.0.6.RELEASE.jar:5.0.6.RELEASE]
	... 35 common frames omitted
Caused by: org.springframework.core.NestedIOException: Failed to parse mapping resource: 'file [G:\git workpace\gitRepository\ZjyRepository\cloudNoteProject\Dao\target\classes\mapper\GroupDao.xml]'; nested exception is org.apache.ibatis.builder.BuilderException: Error creating document instance.  Cause: org.xml.sax.SAXParseException; lineNumber: 12; columnNumber: 17; 文件提前结束。
	at org.mybatis.spring.SqlSessionFactoryBean.buildSqlSessionFactory(SqlSessionFactoryBean.java:523) ~[mybatis-spring-1.3.2.jar:1.3.2]
	at org.mybatis.spring.SqlSessionFactoryBean.afterPropertiesSet(SqlSessionFactoryBean.java:380) ~[mybatis-spring-1.3.2.jar:1.3.2]
	at org.springframework.beans.factory.support.AbstractAutowireCapableBeanFactory.invokeInitMethods(AbstractAutowireCapableBeanFactory.java:1765) ~[spring-beans-5.0.6.RELEASE.jar:5.0.6.RELEASE]
	at org.springframework.beans.factory.support.AbstractAutowireCapableBeanFactory.initializeBean(AbstractAutowireCapableBeanFactory.java:1702) ~[spring-beans-5.0.6.RELEASE.jar:5.0.6.RELEASE]
	... 45 common frames omitted
Caused by: org.apache.ibatis.builder.BuilderException: Error creating document instance.  Cause: org.xml.sax.SAXParseException; lineNumber: 12; columnNumber: 17; 文件提前结束。
	at org.apache.ibatis.parsing.XPathParser.createDocument(XPathParser.java:259) ~[mybatis-3.4.6.jar:3.4.6]
	at org.apache.ibatis.parsing.XPathParser.<init>(XPathParser.java:125) ~[mybatis-3.4.6.jar:3.4.6]
	at org.apache.ibatis.builder.xml.XMLMapperBuilder.<init>(XMLMapperBuilder.java:78) ~[mybatis-3.4.6.jar:3.4.6]
	at org.mybatis.spring.SqlSessionFactoryBean.buildSqlSessionFactory(SqlSessionFactoryBean.java:520) ~[mybatis-spring-1.3.2.jar:1.3.2]
	... 48 common frames omitted
Caused by: org.xml.sax.SAXParseException: 文件提前结束。
	at com.sun.org.apache.xerces.internal.util.ErrorHandlerWrapper.createSAXParseException(ErrorHandlerWrapper.java:203) ~[na:1.8.0_111]
	at com.sun.org.apache.xerces.internal.util.ErrorHandlerWrapper.fatalError(ErrorHandlerWrapper.java:177) ~[na:1.8.0_111]
	at com.sun.org.apache.xerces.internal.impl.XMLErrorReporter.reportError(XMLErrorReporter.java:400) ~[na:1.8.0_111]
	at com.sun.org.apache.xerces.internal.impl.XMLErrorReporter.reportError(XMLErrorReporter.java:327) ~[na:1.8.0_111]
	at com.sun.org.apache.xerces.internal.impl.XMLScanner.reportFatalError(XMLScanner.java:1472) ~[na:1.8.0_111]
	at com.sun.org.apache.xerces.internal.impl.XMLDocumentScannerImpl$PrologDriver.next(XMLDocumentScannerImpl.java:1014) ~[na:1.8.0_111]
	at com.sun.org.apache.xerces.internal.impl.XMLDocumentScannerImpl.next(XMLDocumentScannerImpl.java:602) ~[na:1.8.0_111]
	at com.sun.org.apache.xerces.internal.impl.XMLDocumentFragmentScannerImpl.scanDocument(XMLDocumentFragmentScannerImpl.java:505) ~[na:1.8.0_111]
	at com.sun.org.apache.xerces.internal.parsers.XML11Configuration.parse(XML11Configuration.java:841) ~[na:1.8.0_111]
	at com.sun.org.apache.xerces.internal.parsers.XML11Configuration.parse(XML11Configuration.java:770) ~[na:1.8.0_111]
	at com.sun.org.apache.xerces.internal.parsers.XMLParser.parse(XMLParser.java:141) ~[na:1.8.0_111]
	at com.sun.org.apache.xerces.internal.parsers.DOMParser.parse(DOMParser.java:243) ~[na:1.8.0_111]
	at com.sun.org.apache.xerces.internal.jaxp.DocumentBuilderImpl.parse(DocumentBuilderImpl.java:339) ~[na:1.8.0_111]
	at org.apache.ibatis.parsing.XPathParser.createDocument(XPathParser.java:257) ~[mybatis-3.4.6.jar:3.4.6]
	... 51 common frames omitted

2018-05-20 09:33:53.853  INFO 13676 --- [restartedMain] com.zjy.cloudnote.CloudnoteApplication   : Starting CloudnoteApplication on WIN-01706051535 with PID 13676 (started by Administrator in G:\git workpace\gitRepository\ZjyRepository\cloudNoteProject)
2018-05-20 09:33:53.854  INFO 13676 --- [restartedMain] com.zjy.cloudnote.CloudnoteApplication   : The following profiles are active: dev
2018-05-20 09:33:55.463  INFO 13676 --- [MLog-Init-Reporter] com.mchange.v2.log.MLog                  : MLog clients using slf4j logging.
2018-05-20 09:33:55.485  INFO 13676 --- [restartedMain] com.mchange.v2.c3p0.C3P0Registry         : Initializing c3p0-0.9.5.2 [built 08-December-2015 22:06:04 -0800; debug? true; trace: 10]
2018-05-20 09:33:56.254  INFO 13676 --- [restartedMain] o.apache.catalina.core.StandardService   : Starting service [Tomcat]
2018-05-20 09:33:56.255  INFO 13676 --- [restartedMain] org.apache.catalina.core.StandardEngine  : Starting Servlet Engine: Apache Tomcat/8.5.31
2018-05-20 09:33:56.258  INFO 13676 --- [localhost-startStop-1] o.a.catalina.core.AprLifecycleListener   : The APR based Apache Tomcat Native library which allows optimal performance in production environments was not found on the java.library.path: [G:\java\bin;C:\WINDOWS\Sun\Java\bin;C:\WINDOWS\system32;C:\WINDOWS;F:\app\zjy\product\12.1.0\dbhome_1\bin;G:\oracle\product\12.1.0\dbhome_1\bin;C:\WINDOWS\system32;C:\WINDOWS;C:\WINDOWS\System32\Wbem;C:\WINDOWS\System32\WindowsPowerShell\v1.0\;.;G:\java\bin;C:\Program Files (x86)\Microsoft SQL Server\100\Tools\Binn\;C:\Program Files (x86)\Microsoft SQL Server\100\DTS\Binn\;C:\Program Files (x86)\Microsoft SQL Server\100\Tools\Binn\VSShell\Common7\IDE\;"G:\apache-tomcat-8.5.23\lib;G:\apache-tomcat-8.5.23\bin";E:\Git\Git\cmd;C:\Program Files\MySQL\MySQL Utilities 1.6\;G:\框架包\apache-maven-3.5.2\bin;G:\python\Scripts\;G:\python\;C:\Users\Administrator\AppData\Local\Microsoft\WindowsApps;C:\Users\Administrator\AppData\Local\GitHubDesktop\bin;.]
2018-05-20 09:33:56.367  INFO 13676 --- [localhost-startStop-1] o.a.c.c.C.[Tomcat].[localhost].[/]       : Initializing Spring embedded WebApplicationContext
2018-05-20 09:33:57.344  WARN 13676 --- [restartedMain] org.thymeleaf.templatemode.TemplateMode  : [THYMELEAF][restartedMain] Template Mode 'HTML5' is deprecated. Using Template Mode 'HTML' instead.
2018-05-20 09:33:57.594  WARN 13676 --- [restartedMain] ConfigServletWebServerApplicationContext : Exception encountered during context initialization - cancelling refresh attempt: org.springframework.beans.factory.UnsatisfiedDependencyException: Error creating bean with name 'tk.mybatis.mapper.autoconfigure.MapperAutoConfiguration': Unsatisfied dependency expressed through field 'properties'; nested exception is org.springframework.boot.context.properties.ConfigurationPropertiesBindException: Error creating bean with name 'mapper-tk.mybatis.mapper.autoconfigure.MapperProperties': Could not bind properties to 'MapperProperties' : prefix=mapper, ignoreInvalidFields=false, ignoreUnknownFields=true; nested exception is org.springframework.boot.context.properties.bind.BindException: Failed to bind properties under 'mapper.mappers' to java.util.List<java.lang.Class<?>>
2018-05-20 09:33:57.599  INFO 13676 --- [restartedMain] o.apache.catalina.core.StandardService   : Stopping service [Tomcat]
2018-05-20 09:33:57.616 ERROR 13676 --- [restartedMain] o.s.b.d.LoggingFailureAnalysisReporter   : 

***************************
APPLICATION FAILED TO START
***************************

Description:

Failed to bind properties under 'mapper.mappers' to java.util.List<java.lang.Class<?>>:

    Reason: No converter found capable of converting from type [java.lang.String] to type [java.util.List<java.lang.Class<?>>]

Action:

Update your application's configuration

