2018-05-12 13:28:53,603 [Worker-8] INFO  c.g.t.t.d.PublishedGradleVersions - Gradle version information cache is up-to-date. Trying to read.
2018-05-12 13:29:21,307 [Worker-13] INFO  o.e.m.c.i.i.nexus.NexusIndexManager - Updating index for repository: central|https://repo.maven.apache.org/maven2
2018-05-12 13:29:30,401 [Worker-3] INFO  o.e.m.c.i.embedder.EclipseLogger - Installing F:\ZhaojianyuDownloads\software\MyEclipse\configuration\org.eclipse.osgi\68\0\.cp\data\1.2\lib\dependencies\jdo\jdo2.jar to C:\Users\zfl\.m2\repository\jdo\jdo\1.0.1\jdo-1.0.1.jar
2018-05-12 13:29:31,678 [Worker-3] INFO  o.e.m.c.i.embedder.EclipseLogger - Installing C:\Users\zfl\AppData\Local\Temp\mvninstall8497050602055311052.pom to C:\Users\zfl\.m2\repository\jdo\jdo\1.0.1\jdo-1.0.1.pom
2018-05-12 13:29:33,398 [Worker-3] INFO  o.e.m.c.i.e.AbstractTransferListenerAdapter - Downloaded https://repo.maven.apache.org/maven2/com/bea/wlplatform/commonj-twm/1.1/commonj-twm-1.1.jar
2018-05-12 13:29:33,407 [Worker-3] INFO  o.e.m.c.i.embedder.EclipseLogger - Installing F:\ZhaojianyuDownloads\software\MyEclipse\configuration\org.eclipse.osgi\68\0\.cp\data\2.0\lib\commonj\commonj-twm.jar to C:\Users\zfl\.m2\repository\com\bea\wlplatform\commonj-twm\1.1\commonj-twm-1.1.jar
2018-05-12 13:29:34,532 [Worker-3] INFO  o.e.m.c.i.embedder.EclipseLogger - Installing C:\Users\zfl\AppData\Local\Temp\mvninstall7385420357083514960.pom to C:\Users\zfl\.m2\repository\com\bea\wlplatform\commonj-twm\1.1\commonj-twm-1.1.pom
2018-05-12 13:29:36,045 [Worker-3] INFO  o.e.m.c.i.e.AbstractTransferListenerAdapter - Downloaded https://repo.maven.apache.org/maven2/com/oracle/toplink/toplink/10.1.3/toplink-10.1.3.jar
2018-05-12 13:29:36,083 [Worker-3] INFO  o.e.m.c.i.embedder.EclipseLogger - Installing F:\ZhaojianyuDownloads\software\MyEclipse\configuration\org.eclipse.osgi\68\0\.cp\data\2.0\lib\toplink\toplink-api.jar to C:\Users\zfl\.m2\repository\com\oracle\toplink\toplink\10.1.3\toplink-10.1.3.jar
2018-05-12 13:29:36,667 [Worker-3] INFO  o.e.m.c.i.embedder.EclipseLogger - Installing C:\Users\zfl\AppData\Local\Temp\mvninstall4989770976329034728.pom to C:\Users\zfl\.m2\repository\com\oracle\toplink\toplink\10.1.3\toplink-10.1.3.pom
2018-05-12 13:29:38,000 [Worker-3] INFO  o.e.m.c.i.e.AbstractTransferListenerAdapter - Downloaded https://repo.maven.apache.org/maven2/org/codehaus/groovy/1.0/groovy-1.0.jar
2018-05-12 13:29:38,040 [Worker-3] INFO  o.e.m.c.i.embedder.EclipseLogger - Installing F:\ZhaojianyuDownloads\software\MyEclipse\configuration\org.eclipse.osgi\68\0\.cp\data\2.0\lib\groovy\groovy-1.0.jar to C:\Users\zfl\.m2\repository\org\codehaus\groovy\1.0\groovy-1.0.jar
2018-05-12 13:29:39,664 [Worker-3] INFO  o.e.m.c.i.embedder.EclipseLogger - Installing C:\Users\zfl\AppData\Local\Temp\mvninstall2368262808486509872.pom to C:\Users\zfl\.m2\repository\org\codehaus\groovy\1.0\groovy-1.0.pom
2018-05-12 13:29:42,032 [Worker-3] INFO  o.e.m.c.i.e.AbstractTransferListenerAdapter - Downloaded https://repo.maven.apache.org/maven2/org/springframework/security/org.springframework.security.core/3.0.5.RELEASE/org.springframework.security.core-3.0.5.RELEASE.jar
2018-05-12 13:29:42,090 [Worker-3] INFO  o.e.m.c.i.embedder.EclipseLogger - Installing F:\ZhaojianyuDownloads\software\MyEclipse\configuration\org.eclipse.osgi\69\0\.cp\data\security-3.0\spring-security-core-3.0.5.RELEASE.jar to C:\Users\zfl\.m2\repository\org\springframework\security\org.springframework.security.core\3.0.5.RELEASE\org.springframework.security.core-3.0.5.RELEASE.jar
2018-05-12 13:29:42,664 [Worker-3] INFO  o.e.m.c.i.embedder.EclipseLogger - Installing C:\Users\zfl\AppData\Local\Temp\mvninstall3255098016978461968.pom to C:\Users\zfl\.m2\repository\org\springframework\security\org.springframework.security.core\3.0.5.RELEASE\org.springframework.security.core-3.0.5.RELEASE.pom
2018-05-12 13:29:45,045 [Worker-3] INFO  o.e.m.c.i.e.AbstractTransferListenerAdapter - Downloaded https://repo.maven.apache.org/maven2/org/springframework/security/org.springframework.security.web/3.0.5.RELEASE/org.springframework.security.web-3.0.5.RELEASE.jar
2018-05-12 13:29:45,161 [Worker-3] INFO  o.e.m.c.i.embedder.EclipseLogger - Installing F:\ZhaojianyuDownloads\software\MyEclipse\configuration\org.eclipse.osgi\69\0\.cp\data\security-3.0\spring-security-web-3.0.5.RELEASE.jar to C:\Users\zfl\.m2\repository\org\springframework\security\org.springframework.security.web\3.0.5.RELEASE\org.springframework.security.web-3.0.5.RELEASE.jar
2018-05-12 13:29:45,550 [Worker-3] INFO  o.e.m.c.i.embedder.EclipseLogger - Installing C:\Users\zfl\AppData\Local\Temp\mvninstall436212129510210110.pom to C:\Users\zfl\.m2\repository\org\springframework\security\org.springframework.security.web\3.0.5.RELEASE\org.springframework.security.web-3.0.5.RELEASE.pom
2018-05-12 13:29:46,907 [Worker-3] INFO  o.e.m.c.i.e.AbstractTransferListenerAdapter - Downloaded https://repo.maven.apache.org/maven2/org/springframework/security/org.springframework.security.config/3.0.5.RELEASE/org.springframework.security.config-3.0.5.RELEASE.jar
2018-05-12 13:29:46,956 [Worker-3] INFO  o.e.m.c.i.embedder.EclipseLogger - Installing F:\ZhaojianyuDownloads\software\MyEclipse\configuration\org.eclipse.osgi\69\0\.cp\data\security-3.0\spring-security-config-3.0.5.RELEASE.jar to C:\Users\zfl\.m2\repository\org\springframework\security\org.springframework.security.config\3.0.5.RELEASE\org.springframework.security.config-3.0.5.RELEASE.jar
2018-05-12 13:29:47,358 [Worker-3] INFO  o.e.m.c.i.embedder.EclipseLogger - Installing C:\Users\zfl\AppData\Local\Temp\mvninstall8399099546007590372.pom to C:\Users\zfl\.m2\repository\org\springframework\security\org.springframework.security.config\3.0.5.RELEASE\org.springframework.security.config-3.0.5.RELEASE.pom
2018-05-12 13:29:48,815 [Worker-3] INFO  o.e.m.c.i.e.AbstractTransferListenerAdapter - Downloaded https://repo.maven.apache.org/maven2/org/springframework/security/org.springframework.security.ldap/3.0.5.RELEASE/org.springframework.security.ldap-3.0.5.RELEASE.jar
2018-05-12 13:29:48,989 [Worker-3] INFO  o.e.m.c.i.embedder.EclipseLogger - Installing F:\ZhaojianyuDownloads\software\MyEclipse\configuration\org.eclipse.osgi\69\0\.cp\data\security-3.0\spring-security-ldap-3.0.5.RELEASE.jar to C:\Users\zfl\.m2\repository\org\springframework\security\org.springframework.security.ldap\3.0.5.RELEASE\org.springframework.security.ldap-3.0.5.RELEASE.jar
2018-05-12 13:29:49,407 [Worker-3] INFO  o.e.m.c.i.embedder.EclipseLogger - Installing C:\Users\zfl\AppData\Local\Temp\mvninstall1396349671736397542.pom to C:\Users\zfl\.m2\repository\org\springframework\security\org.springframework.security.ldap\3.0.5.RELEASE\org.springframework.security.ldap-3.0.5.RELEASE.pom
2018-05-12 13:29:50,780 [Worker-3] INFO  o.e.m.c.i.e.AbstractTransferListenerAdapter - Downloaded https://repo.maven.apache.org/maven2/org/springframework/security/org.springframework.security.taglibs/3.0.5.RELEASE/org.springframework.security.taglibs-3.0.5.RELEASE.jar
2018-05-12 13:29:50,896 [Worker-3] INFO  o.e.m.c.i.embedder.EclipseLogger - Installing F:\ZhaojianyuDownloads\software\MyEclipse\configuration\org.eclipse.osgi\69\0\.cp\data\security-3.0\spring-security-taglibs-3.0.5.RELEASE.jar to C:\Users\zfl\.m2\repository\org\springframework\security\org.springframework.security.taglibs\3.0.5.RELEASE\org.springframework.security.taglibs-3.0.5.RELEASE.jar
2018-05-12 13:29:51,252 [Worker-3] INFO  o.e.m.c.i.embedder.EclipseLogger - Installing C:\Users\zfl\AppData\Local\Temp\mvninstall1178635114195121789.pom to C:\Users\zfl\.m2\repository\org\springframework\security\org.springframework.security.taglibs\3.0.5.RELEASE\org.springframework.security.taglibs-3.0.5.RELEASE.pom
2018-05-12 13:29:53,045 [Worker-3] INFO  o.e.m.c.i.e.AbstractTransferListenerAdapter - Downloaded https://repo.maven.apache.org/maven2/com/bea/commonj/com.springsource.commonj/1.1.0/com.springsource.commonj-1.1.0.jar
2018-05-12 13:29:53,073 [Worker-3] INFO  o.e.m.c.i.embedder.EclipseLogger - Installing F:\ZhaojianyuDownloads\software\MyEclipse\configuration\org.eclipse.osgi\69\0\.cp\data\3.0\lib\misc\com.springsource.commonj-1.1.0.jar to C:\Users\zfl\.m2\repository\com\bea\commonj\com.springsource.commonj\1.1.0\com.springsource.commonj-1.1.0.jar
2018-05-12 13:29:53,781 [Worker-3] INFO  o.e.m.c.i.embedder.EclipseLogger - Installing C:\Users\zfl\AppData\Local\Temp\mvninstall8144569610671206016.pom to C:\Users\zfl\.m2\repository\com\bea\commonj\com.springsource.commonj\1.1.0\com.springsource.commonj-1.1.0.pom
2018-05-12 13:29:55,191 [Worker-3] INFO  o.e.m.c.i.e.AbstractTransferListenerAdapter - Downloaded https://repo.maven.apache.org/maven2/com/opensymphony/quartz/com.springsource.org.quartz/1.6.2/com.springsource.org.quartz-1.6.2.jar
2018-05-12 13:29:55,251 [Worker-3] INFO  o.e.m.c.i.embedder.EclipseLogger - Installing F:\ZhaojianyuDownloads\software\MyEclipse\configuration\org.eclipse.osgi\69\0\.cp\data\3.0\lib\misc\com.springsource.org.quartz-1.6.2.jar to C:\Users\zfl\.m2\repository\com\opensymphony\quartz\com.springsource.org.quartz\1.6.2\com.springsource.org.quartz-1.6.2.jar
